<?xml version="1.0" encoding="UTF-8"?>
<!-- Generated by org.testng.reporters.JUnitXMLReporter -->
<testsuite hostname="LAPTOP-NJFUNEJK" ignored="2" name="Default test" tests="1" failures="0" timestamp="2021-12-07T11:06:53 IST" time="1.546" errors="0">
  <testcase name="BookFlightTest" time="0.0" classname="com.testcases.FlightPageTest">
    <skipped/>
  </testcase> <!-- BookFlightTest -->
  <testcase name="User_is_in_FlightPageTest" time="0.0" classname="com.testcases.FlightPageTest">
    <ignored/>
  </testcase> <!-- User_is_in_FlightPageTest -->
  <testcase name="SearchFlightTest" time="0.0" classname="com.testcases.FlightPageTest">
    <ignored/>
  </testcase> <!-- SearchFlightTest -->
</testsuite> <!-- Default test -->
