<?xml version="1.0" encoding="UTF-8"?>
<testng-results skipped="1" failed="1" ignored="0" total="22" passed="20">
  <reporter-output>
  </reporter-output>
  <suite name="GOIBIBO" duration-ms="744148" started-at="2021-12-08T19:55:54 IST" finished-at="2021-12-08T20:08:18 IST">
    <groups>
    </groups>
    <test name="Test" duration-ms="744148" started-at="2021-12-08T19:55:54 IST" finished-at="2021-12-08T20:08:18 IST">
      <class name="com.testcases.LoginPageTest">
        <test-method status="PASS" signature="Reportsetup()[pri:0, instance:com.testcases.LoginPageTest@33723e30]" name="Reportsetup" is-config="true" duration-ms="0" started-at="2021-12-08T19:55:55 IST" finished-at="2021-12-08T19:55:55 IST">
          <reporter-output>
          </reporter-output>
        </test-method> <!-- Reportsetup -->
        <test-method status="PASS" signature="setup()[pri:0, instance:com.testcases.LoginPageTest@33723e30]" name="setup" is-config="true" duration-ms="22490" started-at="2021-12-08T19:55:55 IST" finished-at="2021-12-08T19:56:17 IST">
          <reporter-output>
          </reporter-output>
        </test-method> <!-- setup -->
        <test-method status="PASS" signature="validateTitleTest()[pri:1, instance:com.testcases.LoginPageTest@33723e30]" name="validateTitleTest" duration-ms="809" started-at="2021-12-08T19:56:17 IST" finished-at="2021-12-08T19:56:18 IST">
          <reporter-output>
          </reporter-output>
        </test-method> <!-- validateTitleTest -->
        <test-method status="PASS" signature="closesetup()[pri:0, instance:com.testcases.LoginPageTest@33723e30]" name="closesetup" is-config="true" duration-ms="984" started-at="2021-12-08T19:56:18 IST" finished-at="2021-12-08T19:56:19 IST">
          <reporter-output>
          </reporter-output>
        </test-method> <!-- closesetup -->
        <test-method status="PASS" signature="setup()[pri:0, instance:com.testcases.LoginPageTest@33723e30]" name="setup" is-config="true" duration-ms="11156" started-at="2021-12-08T19:56:21 IST" finished-at="2021-12-08T19:56:32 IST">
          <reporter-output>
          </reporter-output>
        </test-method> <!-- setup -->
        <test-method status="PASS" signature="ValidorInvalidMobileNoTest(long)[pri:2, instance:com.testcases.LoginPageTest@33723e30]" name="ValidorInvalidMobileNoTest" duration-ms="6998" started-at="2021-12-08T19:56:32 IST" data-provider="GetMobileNoUsingExcel" finished-at="2021-12-08T19:56:39 IST">
          <params>
            <param index="0">
              <value>
                <![CDATA[9959823792]]>
              </value>
            </param>
          </params>
          <reporter-output>
          </reporter-output>
        </test-method> <!-- ValidorInvalidMobileNoTest -->
        <test-method status="PASS" signature="closesetup()[pri:0, instance:com.testcases.LoginPageTest@33723e30]" name="closesetup" is-config="true" duration-ms="1048" started-at="2021-12-08T19:56:39 IST" finished-at="2021-12-08T19:56:40 IST">
          <reporter-output>
          </reporter-output>
        </test-method> <!-- closesetup -->
        <test-method status="PASS" signature="setup()[pri:0, instance:com.testcases.LoginPageTest@33723e30]" name="setup" is-config="true" duration-ms="9745" started-at="2021-12-08T19:56:40 IST" finished-at="2021-12-08T19:56:50 IST">
          <reporter-output>
          </reporter-output>
        </test-method> <!-- setup -->
        <test-method status="PASS" signature="ValidorInvalidMobileNoTest(long)[pri:2, instance:com.testcases.LoginPageTest@33723e30]" name="ValidorInvalidMobileNoTest" duration-ms="8414" started-at="2021-12-08T19:56:50 IST" data-provider="GetMobileNoUsingExcel" finished-at="2021-12-08T19:56:58 IST">
          <params>
            <param index="0">
              <value>
                <![CDATA[99598237]]>
              </value>
            </param>
          </params>
          <reporter-output>
          </reporter-output>
        </test-method> <!-- ValidorInvalidMobileNoTest -->
        <test-method status="PASS" signature="closesetup()[pri:0, instance:com.testcases.LoginPageTest@33723e30]" name="closesetup" is-config="true" duration-ms="941" started-at="2021-12-08T19:56:58 IST" finished-at="2021-12-08T19:56:59 IST">
          <reporter-output>
          </reporter-output>
        </test-method> <!-- closesetup -->
        <test-method status="PASS" signature="GenerateReport()[pri:0, instance:com.testcases.LoginPageTest@33723e30]" name="GenerateReport" is-config="true" duration-ms="56" started-at="2021-12-08T20:08:18 IST" finished-at="2021-12-08T20:08:18 IST">
          <reporter-output>
          </reporter-output>
        </test-method> <!-- GenerateReport -->
      </class> <!-- com.testcases.LoginPageTest -->
      <class name="com.testcases.FlightPageTest">
        <test-method status="PASS" signature="Reportsetup()[pri:0, instance:com.testcases.FlightPageTest@74a10858]" name="Reportsetup" is-config="true" duration-ms="502" started-at="2021-12-08T19:55:54 IST" finished-at="2021-12-08T19:55:55 IST">
          <reporter-output>
          </reporter-output>
        </test-method> <!-- Reportsetup -->
        <test-method status="PASS" signature="setup()[pri:0, instance:com.testcases.FlightPageTest@74a10858]" name="setup" is-config="true" duration-ms="9491" started-at="2021-12-08T19:56:59 IST" finished-at="2021-12-08T19:57:08 IST">
          <reporter-output>
          </reporter-output>
        </test-method> <!-- setup -->
        <test-method status="PASS" signature="User_is_in_FlightPageTest()[pri:1, instance:com.testcases.FlightPageTest@74a10858]" name="User_is_in_FlightPageTest" duration-ms="4173" started-at="2021-12-08T19:57:08 IST" finished-at="2021-12-08T19:57:13 IST">
          <reporter-output>
          </reporter-output>
        </test-method> <!-- User_is_in_FlightPageTest -->
        <test-method status="PASS" signature="closesetup()[pri:0, instance:com.testcases.FlightPageTest@74a10858]" name="closesetup" is-config="true" duration-ms="799" started-at="2021-12-08T19:57:13 IST" finished-at="2021-12-08T19:57:13 IST">
          <reporter-output>
          </reporter-output>
        </test-method> <!-- closesetup -->
        <test-method status="PASS" signature="setup()[pri:0, instance:com.testcases.FlightPageTest@74a10858]" name="setup" is-config="true" duration-ms="10022" started-at="2021-12-08T19:57:14 IST" finished-at="2021-12-08T19:57:24 IST">
          <reporter-output>
          </reporter-output>
        </test-method> <!-- setup -->
        <test-method status="PASS" signature="SearchFlightTest(java.lang.String,java.lang.String,java.lang.String,java.lang.String,java.lang.String)[pri:2, instance:com.testcases.FlightPageTest@74a10858]" name="SearchFlightTest" duration-ms="14775" started-at="2021-12-08T19:57:24 IST" data-provider="GetSearchFlightDataUsingExcel" finished-at="2021-12-08T19:57:38 IST">
          <params>
            <param index="0">
              <value>
                <![CDATA[Oneway]]>
              </value>
            </param>
            <param index="1">
              <value>
                <![CDATA[Hyderabad]]>
              </value>
            </param>
            <param index="2">
              <value>
                <![CDATA[Mumbai]]>
              </value>
            </param>
            <param index="3">
              <value>
                <![CDATA[fare_20211215]]>
              </value>
            </param>
            <param index="4">
              <value>
                <![CDATA[]]>
              </value>
            </param>
          </params>
          <reporter-output>
          </reporter-output>
        </test-method> <!-- SearchFlightTest -->
        <test-method status="PASS" signature="closesetup()[pri:0, instance:com.testcases.FlightPageTest@74a10858]" name="closesetup" is-config="true" duration-ms="939" started-at="2021-12-08T19:57:38 IST" finished-at="2021-12-08T19:57:39 IST">
          <reporter-output>
          </reporter-output>
        </test-method> <!-- closesetup -->
        <test-method status="PASS" signature="setup()[pri:0, instance:com.testcases.FlightPageTest@74a10858]" name="setup" is-config="true" duration-ms="9480" started-at="2021-12-08T19:57:39 IST" finished-at="2021-12-08T19:57:49 IST">
          <reporter-output>
          </reporter-output>
        </test-method> <!-- setup -->
        <test-method status="PASS" signature="SearchFlightTest(java.lang.String,java.lang.String,java.lang.String,java.lang.String,java.lang.String)[pri:2, instance:com.testcases.FlightPageTest@74a10858]" name="SearchFlightTest" duration-ms="9348" started-at="2021-12-08T19:57:49 IST" data-provider="GetSearchFlightDataUsingExcel" finished-at="2021-12-08T19:57:58 IST">
          <params>
            <param index="0">
              <value>
                <![CDATA[Oneway]]>
              </value>
            </param>
            <param index="1">
              <value>
                <![CDATA[xyz]]>
              </value>
            </param>
            <param index="2">
              <value>
                <![CDATA[Pune]]>
              </value>
            </param>
            <param index="3">
              <value>
                <![CDATA[fare_20211215]]>
              </value>
            </param>
            <param index="4">
              <value>
                <![CDATA[]]>
              </value>
            </param>
          </params>
          <reporter-output>
          </reporter-output>
        </test-method> <!-- SearchFlightTest -->
        <test-method status="PASS" signature="closesetup()[pri:0, instance:com.testcases.FlightPageTest@74a10858]" name="closesetup" is-config="true" duration-ms="866" started-at="2021-12-08T19:57:58 IST" finished-at="2021-12-08T19:57:59 IST">
          <reporter-output>
          </reporter-output>
        </test-method> <!-- closesetup -->
        <test-method status="PASS" signature="setup()[pri:0, instance:com.testcases.FlightPageTest@74a10858]" name="setup" is-config="true" duration-ms="7898" started-at="2021-12-08T19:57:59 IST" finished-at="2021-12-08T19:58:07 IST">
          <reporter-output>
          </reporter-output>
        </test-method> <!-- setup -->
        <test-method status="PASS" signature="SearchFlightTest(java.lang.String,java.lang.String,java.lang.String,java.lang.String,java.lang.String)[pri:2, instance:com.testcases.FlightPageTest@74a10858]" name="SearchFlightTest" duration-ms="8657" started-at="2021-12-08T19:58:07 IST" data-provider="GetSearchFlightDataUsingExcel" finished-at="2021-12-08T19:58:16 IST">
          <params>
            <param index="0">
              <value>
                <![CDATA[Oneway]]>
              </value>
            </param>
            <param index="1">
              <value>
                <![CDATA[Delhi]]>
              </value>
            </param>
            <param index="2">
              <value>
                <![CDATA[xyz]]>
              </value>
            </param>
            <param index="3">
              <value>
                <![CDATA[fare_20211215]]>
              </value>
            </param>
            <param index="4">
              <value>
                <![CDATA[]]>
              </value>
            </param>
          </params>
          <reporter-output>
          </reporter-output>
        </test-method> <!-- SearchFlightTest -->
        <test-method status="PASS" signature="closesetup()[pri:0, instance:com.testcases.FlightPageTest@74a10858]" name="closesetup" is-config="true" duration-ms="851" started-at="2021-12-08T19:58:16 IST" finished-at="2021-12-08T19:58:16 IST">
          <reporter-output>
          </reporter-output>
        </test-method> <!-- closesetup -->
        <test-method status="PASS" signature="setup()[pri:0, instance:com.testcases.FlightPageTest@74a10858]" name="setup" is-config="true" duration-ms="8583" started-at="2021-12-08T19:58:16 IST" finished-at="2021-12-08T19:58:25 IST">
          <reporter-output>
          </reporter-output>
        </test-method> <!-- setup -->
        <test-method status="PASS" signature="SearchFlightTest(java.lang.String,java.lang.String,java.lang.String,java.lang.String,java.lang.String)[pri:2, instance:com.testcases.FlightPageTest@74a10858]" name="SearchFlightTest" duration-ms="21868" started-at="2021-12-08T19:58:25 IST" data-provider="GetSearchFlightDataUsingExcel" finished-at="2021-12-08T19:58:47 IST">
          <params>
            <param index="0">
              <value>
                <![CDATA[Roundtrip]]>
              </value>
            </param>
            <param index="1">
              <value>
                <![CDATA[Mumbai]]>
              </value>
            </param>
            <param index="2">
              <value>
                <![CDATA[Kolkata]]>
              </value>
            </param>
            <param index="3">
              <value>
                <![CDATA[fare_20211215]]>
              </value>
            </param>
            <param index="4">
              <value>
                <![CDATA[fare_20211220]]>
              </value>
            </param>
          </params>
          <reporter-output>
          </reporter-output>
        </test-method> <!-- SearchFlightTest -->
        <test-method status="PASS" signature="closesetup()[pri:0, instance:com.testcases.FlightPageTest@74a10858]" name="closesetup" is-config="true" duration-ms="915" started-at="2021-12-08T19:58:47 IST" finished-at="2021-12-08T19:58:48 IST">
          <reporter-output>
          </reporter-output>
        </test-method> <!-- closesetup -->
        <test-method status="PASS" signature="setup()[pri:0, instance:com.testcases.FlightPageTest@74a10858]" name="setup" is-config="true" duration-ms="9432" started-at="2021-12-08T19:58:48 IST" finished-at="2021-12-08T19:58:57 IST">
          <reporter-output>
          </reporter-output>
        </test-method> <!-- setup -->
        <test-method status="PASS" signature="SearchFlightTest(java.lang.String,java.lang.String,java.lang.String,java.lang.String,java.lang.String)[pri:2, instance:com.testcases.FlightPageTest@74a10858]" name="SearchFlightTest" duration-ms="9450" started-at="2021-12-08T19:58:57 IST" data-provider="GetSearchFlightDataUsingExcel" finished-at="2021-12-08T19:59:07 IST">
          <params>
            <param index="0">
              <value>
                <![CDATA[Roundtrip]]>
              </value>
            </param>
            <param index="1">
              <value>
                <![CDATA[xyz]]>
              </value>
            </param>
            <param index="2">
              <value>
                <![CDATA[Chennai]]>
              </value>
            </param>
            <param index="3">
              <value>
                <![CDATA[fare_20211215]]>
              </value>
            </param>
            <param index="4">
              <value>
                <![CDATA[fare_20211220]]>
              </value>
            </param>
          </params>
          <reporter-output>
          </reporter-output>
        </test-method> <!-- SearchFlightTest -->
        <test-method status="PASS" signature="closesetup()[pri:0, instance:com.testcases.FlightPageTest@74a10858]" name="closesetup" is-config="true" duration-ms="1018" started-at="2021-12-08T19:59:07 IST" finished-at="2021-12-08T19:59:08 IST">
          <reporter-output>
          </reporter-output>
        </test-method> <!-- closesetup -->
        <test-method status="PASS" signature="setup()[pri:0, instance:com.testcases.FlightPageTest@74a10858]" name="setup" is-config="true" duration-ms="9132" started-at="2021-12-08T19:59:08 IST" finished-at="2021-12-08T19:59:17 IST">
          <reporter-output>
          </reporter-output>
        </test-method> <!-- setup -->
        <test-method status="PASS" signature="SearchFlightTest(java.lang.String,java.lang.String,java.lang.String,java.lang.String,java.lang.String)[pri:2, instance:com.testcases.FlightPageTest@74a10858]" name="SearchFlightTest" duration-ms="8530" started-at="2021-12-08T19:59:17 IST" data-provider="GetSearchFlightDataUsingExcel" finished-at="2021-12-08T19:59:25 IST">
          <params>
            <param index="0">
              <value>
                <![CDATA[Roundtrip]]>
              </value>
            </param>
            <param index="1">
              <value>
                <![CDATA[Bengaluru]]>
              </value>
            </param>
            <param index="2">
              <value>
                <![CDATA[xyz]]>
              </value>
            </param>
            <param index="3">
              <value>
                <![CDATA[fare_20211215]]>
              </value>
            </param>
            <param index="4">
              <value>
                <![CDATA[fare_20211220]]>
              </value>
            </param>
          </params>
          <reporter-output>
          </reporter-output>
        </test-method> <!-- SearchFlightTest -->
        <test-method status="PASS" signature="closesetup()[pri:0, instance:com.testcases.FlightPageTest@74a10858]" name="closesetup" is-config="true" duration-ms="837" started-at="2021-12-08T19:59:25 IST" finished-at="2021-12-08T19:59:26 IST">
          <reporter-output>
          </reporter-output>
        </test-method> <!-- closesetup -->
        <test-method status="PASS" signature="setup()[pri:0, instance:com.testcases.FlightPageTest@74a10858]" name="setup" is-config="true" duration-ms="9236" started-at="2021-12-08T19:59:26 IST" finished-at="2021-12-08T19:59:36 IST">
          <reporter-output>
          </reporter-output>
        </test-method> <!-- setup -->
        <test-method status="PASS" signature="BookFlightTest(java.lang.String,java.lang.String,java.lang.String,java.lang.String,java.lang.String,java.lang.String,java.lang.String,java.lang.String,java.lang.String)[pri:3, instance:com.testcases.FlightPageTest@74a10858]" name="BookFlightTest" duration-ms="42035" started-at="2021-12-08T19:59:36 IST" data-provider="GetBookFlightDataUsingExcel" finished-at="2021-12-08T20:00:18 IST">
          <params>
            <param index="0">
              <value>
                <![CDATA[Oneway]]>
              </value>
            </param>
            <param index="1">
              <value>
                <![CDATA[Hyderabad]]>
              </value>
            </param>
            <param index="2">
              <value>
                <![CDATA[Mumbai]]>
              </value>
            </param>
            <param index="3">
              <value>
                <![CDATA[fare_20211215]]>
              </value>
            </param>
            <param index="4">
              <value>
                <![CDATA[]]>
              </value>
            </param>
            <param index="5">
              <value>
                <![CDATA[Mr]]>
              </value>
            </param>
            <param index="6">
              <value>
                <![CDATA[Sai]]>
              </value>
            </param>
            <param index="7">
              <value>
                <![CDATA[Kiran]]>
              </value>
            </param>
            <param index="8">
              <value>
                <![CDATA[amaraganisaikiran99@gmail.com]]>
              </value>
            </param>
          </params>
          <reporter-output>
          </reporter-output>
        </test-method> <!-- BookFlightTest -->
        <test-method status="PASS" signature="closesetup()[pri:0, instance:com.testcases.FlightPageTest@74a10858]" name="closesetup" is-config="true" duration-ms="1381" started-at="2021-12-08T20:00:18 IST" finished-at="2021-12-08T20:00:19 IST">
          <reporter-output>
          </reporter-output>
        </test-method> <!-- closesetup -->
        <test-method status="PASS" signature="setup()[pri:0, instance:com.testcases.FlightPageTest@74a10858]" name="setup" is-config="true" duration-ms="14208" started-at="2021-12-08T20:00:19 IST" finished-at="2021-12-08T20:00:33 IST">
          <reporter-output>
          </reporter-output>
        </test-method> <!-- setup -->
        <test-method status="PASS" signature="BookFlightTest(java.lang.String,java.lang.String,java.lang.String,java.lang.String,java.lang.String,java.lang.String,java.lang.String,java.lang.String,java.lang.String)[pri:3, instance:com.testcases.FlightPageTest@74a10858]" name="BookFlightTest" duration-ms="32658" started-at="2021-12-08T20:00:33 IST" data-provider="GetBookFlightDataUsingExcel" finished-at="2021-12-08T20:01:06 IST">
          <params>
            <param index="0">
              <value>
                <![CDATA[Roundtrip]]>
              </value>
            </param>
            <param index="1">
              <value>
                <![CDATA[Hyderabad]]>
              </value>
            </param>
            <param index="2">
              <value>
                <![CDATA[Mumbai]]>
              </value>
            </param>
            <param index="3">
              <value>
                <![CDATA[fare_20211215]]>
              </value>
            </param>
            <param index="4">
              <value>
                <![CDATA[fare_20211220]]>
              </value>
            </param>
            <param index="5">
              <value>
                <![CDATA[]]>
              </value>
            </param>
            <param index="6">
              <value>
                <![CDATA[Sai]]>
              </value>
            </param>
            <param index="7">
              <value>
                <![CDATA[Kiran]]>
              </value>
            </param>
            <param index="8">
              <value>
                <![CDATA[amaraganisaikiran99@gmail.com]]>
              </value>
            </param>
          </params>
          <reporter-output>
          </reporter-output>
        </test-method> <!-- BookFlightTest -->
        <test-method status="PASS" signature="closesetup()[pri:0, instance:com.testcases.FlightPageTest@74a10858]" name="closesetup" is-config="true" duration-ms="1553" started-at="2021-12-08T20:01:06 IST" finished-at="2021-12-08T20:01:08 IST">
          <reporter-output>
          </reporter-output>
        </test-method> <!-- closesetup -->
        <test-method status="PASS" signature="setup()[pri:0, instance:com.testcases.FlightPageTest@74a10858]" name="setup" is-config="true" duration-ms="20817" started-at="2021-12-08T20:01:08 IST" finished-at="2021-12-08T20:01:28 IST">
          <reporter-output>
          </reporter-output>
        </test-method> <!-- setup -->
        <test-method status="PASS" signature="BookFlightTest(java.lang.String,java.lang.String,java.lang.String,java.lang.String,java.lang.String,java.lang.String,java.lang.String,java.lang.String,java.lang.String)[pri:3, instance:com.testcases.FlightPageTest@74a10858]" name="BookFlightTest" duration-ms="42784" started-at="2021-12-08T20:01:28 IST" data-provider="GetBookFlightDataUsingExcel" finished-at="2021-12-08T20:02:11 IST">
          <params>
            <param index="0">
              <value>
                <![CDATA[Oneway]]>
              </value>
            </param>
            <param index="1">
              <value>
                <![CDATA[Hyderabad]]>
              </value>
            </param>
            <param index="2">
              <value>
                <![CDATA[Mumbai]]>
              </value>
            </param>
            <param index="3">
              <value>
                <![CDATA[fare_20211215]]>
              </value>
            </param>
            <param index="4">
              <value>
                <![CDATA[]]>
              </value>
            </param>
            <param index="5">
              <value>
                <![CDATA[Mr]]>
              </value>
            </param>
            <param index="6">
              <value>
                <![CDATA[Sai123]]>
              </value>
            </param>
            <param index="7">
              <value>
                <![CDATA[Kiran]]>
              </value>
            </param>
            <param index="8">
              <value>
                <![CDATA[amaraganisaikiran99@gmail.com]]>
              </value>
            </param>
          </params>
          <reporter-output>
          </reporter-output>
        </test-method> <!-- BookFlightTest -->
        <test-method status="PASS" signature="closesetup()[pri:0, instance:com.testcases.FlightPageTest@74a10858]" name="closesetup" is-config="true" duration-ms="1077" started-at="2021-12-08T20:02:11 IST" finished-at="2021-12-08T20:02:12 IST">
          <reporter-output>
          </reporter-output>
        </test-method> <!-- closesetup -->
        <test-method status="PASS" signature="setup()[pri:0, instance:com.testcases.FlightPageTest@74a10858]" name="setup" is-config="true" duration-ms="18739" started-at="2021-12-08T20:02:12 IST" finished-at="2021-12-08T20:02:31 IST">
          <reporter-output>
          </reporter-output>
        </test-method> <!-- setup -->
        <test-method status="PASS" signature="BookFlightTest(java.lang.String,java.lang.String,java.lang.String,java.lang.String,java.lang.String,java.lang.String,java.lang.String,java.lang.String,java.lang.String)[pri:3, instance:com.testcases.FlightPageTest@74a10858]" name="BookFlightTest" duration-ms="34590" started-at="2021-12-08T20:02:31 IST" data-provider="GetBookFlightDataUsingExcel" finished-at="2021-12-08T20:03:06 IST">
          <params>
            <param index="0">
              <value>
                <![CDATA[Roundtrip]]>
              </value>
            </param>
            <param index="1">
              <value>
                <![CDATA[Hyderabad]]>
              </value>
            </param>
            <param index="2">
              <value>
                <![CDATA[Mumbai]]>
              </value>
            </param>
            <param index="3">
              <value>
                <![CDATA[fare_20211215]]>
              </value>
            </param>
            <param index="4">
              <value>
                <![CDATA[fare_20211220]]>
              </value>
            </param>
            <param index="5">
              <value>
                <![CDATA[Mr]]>
              </value>
            </param>
            <param index="6">
              <value>
                <![CDATA[Sai]]>
              </value>
            </param>
            <param index="7">
              <value>
                <![CDATA[Kiran123]]>
              </value>
            </param>
            <param index="8">
              <value>
                <![CDATA[amaraganisaikiran99@gmail.com]]>
              </value>
            </param>
          </params>
          <reporter-output>
          </reporter-output>
        </test-method> <!-- BookFlightTest -->
        <test-method status="PASS" signature="closesetup()[pri:0, instance:com.testcases.FlightPageTest@74a10858]" name="closesetup" is-config="true" duration-ms="902" started-at="2021-12-08T20:03:06 IST" finished-at="2021-12-08T20:03:06 IST">
          <reporter-output>
          </reporter-output>
        </test-method> <!-- closesetup -->
        <test-method status="PASS" signature="setup()[pri:0, instance:com.testcases.FlightPageTest@74a10858]" name="setup" is-config="true" duration-ms="17176" started-at="2021-12-08T20:03:06 IST" finished-at="2021-12-08T20:03:24 IST">
          <reporter-output>
          </reporter-output>
        </test-method> <!-- setup -->
        <test-method status="PASS" signature="BookFlightTest(java.lang.String,java.lang.String,java.lang.String,java.lang.String,java.lang.String,java.lang.String,java.lang.String,java.lang.String,java.lang.String)[pri:3, instance:com.testcases.FlightPageTest@74a10858]" name="BookFlightTest" duration-ms="32730" started-at="2021-12-08T20:03:24 IST" data-provider="GetBookFlightDataUsingExcel" finished-at="2021-12-08T20:03:56 IST">
          <params>
            <param index="0">
              <value>
                <![CDATA[Oneway]]>
              </value>
            </param>
            <param index="1">
              <value>
                <![CDATA[Hyderabad]]>
              </value>
            </param>
            <param index="2">
              <value>
                <![CDATA[Mumbai]]>
              </value>
            </param>
            <param index="3">
              <value>
                <![CDATA[fare_20211215]]>
              </value>
            </param>
            <param index="4">
              <value>
                <![CDATA[]]>
              </value>
            </param>
            <param index="5">
              <value>
                <![CDATA[Mr]]>
              </value>
            </param>
            <param index="6">
              <value>
                <![CDATA[Sai]]>
              </value>
            </param>
            <param index="7">
              <value>
                <![CDATA[Kiran]]>
              </value>
            </param>
            <param index="8">
              <value>
                <![CDATA[amaraganisaikiran99@gmail]]>
              </value>
            </param>
          </params>
          <reporter-output>
          </reporter-output>
        </test-method> <!-- BookFlightTest -->
        <test-method status="PASS" signature="closesetup()[pri:0, instance:com.testcases.FlightPageTest@74a10858]" name="closesetup" is-config="true" duration-ms="1065" started-at="2021-12-08T20:03:56 IST" finished-at="2021-12-08T20:03:57 IST">
          <reporter-output>
          </reporter-output>
        </test-method> <!-- closesetup -->
        <test-method status="PASS" signature="GenerateReport()[pri:0, instance:com.testcases.FlightPageTest@74a10858]" name="GenerateReport" is-config="true" duration-ms="2016" started-at="2021-12-08T20:08:16 IST" finished-at="2021-12-08T20:08:18 IST">
          <reporter-output>
          </reporter-output>
        </test-method> <!-- GenerateReport -->
      </class> <!-- com.testcases.FlightPageTest -->
      <class name="com.testcases.HotelPageTest">
        <test-method status="PASS" signature="Reportsetup()[pri:0, instance:com.testcases.HotelPageTest@28ac3dc3]" name="Reportsetup" is-config="true" duration-ms="1" started-at="2021-12-08T19:55:55 IST" finished-at="2021-12-08T19:55:55 IST">
          <reporter-output>
          </reporter-output>
        </test-method> <!-- Reportsetup -->
        <test-method status="PASS" signature="setup()[pri:0, instance:com.testcases.HotelPageTest@28ac3dc3]" name="setup" is-config="true" duration-ms="11588" started-at="2021-12-08T20:03:57 IST" finished-at="2021-12-08T20:04:09 IST">
          <reporter-output>
          </reporter-output>
        </test-method> <!-- setup -->
        <test-method status="PASS" signature="Validate_User_in_HotelPageTest()[pri:1, instance:com.testcases.HotelPageTest@28ac3dc3]" name="Validate_User_in_HotelPageTest" duration-ms="5414" started-at="2021-12-08T20:04:09 IST" finished-at="2021-12-08T20:04:14 IST">
          <reporter-output>
          </reporter-output>
        </test-method> <!-- Validate_User_in_HotelPageTest -->
        <test-method status="PASS" signature="closesetup()[pri:0, instance:com.testcases.HotelPageTest@28ac3dc3]" name="closesetup" is-config="true" duration-ms="956" started-at="2021-12-08T20:04:14 IST" finished-at="2021-12-08T20:04:15 IST">
          <reporter-output>
          </reporter-output>
        </test-method> <!-- closesetup -->
        <test-method status="SKIP" signature="SearchHotelTest(java.lang.String,java.lang.String,java.lang.String)[pri:2, instance:com.testcases.HotelPageTest@28ac3dc3]" name="SearchHotelTest" duration-ms="0" started-at="2021-12-08T20:04:16 IST" data-provider="GetSearchHotelDataUsingExcel" finished-at="2021-12-08T20:04:16 IST">
          <exception class="java.lang.RuntimeException">
            <message>
              <![CDATA[java.lang.NullPointerException]]>
            </message>
            <full-stacktrace>
              <![CDATA[java.lang.RuntimeException: java.lang.NullPointerException
at org.testng.internal.MethodInvocationHelper.invokeMethodNoCheckedException(MethodInvocationHelper.java:50)
at org.testng.internal.MethodInvocationHelper.invokeDataProvider(MethodInvocationHelper.java:146)
at org.testng.internal.Parameters.handleParameters(Parameters.java:798)
at org.testng.internal.Parameters.handleParameters(Parameters.java:740)
at org.testng.internal.ParameterHandler.handleParameters(ParameterHandler.java:59)
at org.testng.internal.ParameterHandler.createParameters(ParameterHandler.java:38)
at org.testng.internal.TestInvoker$MethodInvocationAgent.invoke(TestInvoker.java:791)
at org.testng.internal.TestInvoker.invokeTestMethods(TestInvoker.java:146)
at org.testng.internal.TestMethodWorker.invokeTestMethods(TestMethodWorker.java:146)
at org.testng.internal.TestMethodWorker.run(TestMethodWorker.java:128)
at java.util.ArrayList.forEach(Unknown Source)
at org.testng.TestRunner.privateRun(TestRunner.java:794)
at org.testng.TestRunner.run(TestRunner.java:596)
at org.testng.SuiteRunner.runTest(SuiteRunner.java:377)
at org.testng.SuiteRunner.runSequentially(SuiteRunner.java:371)
at org.testng.SuiteRunner.privateRun(SuiteRunner.java:332)
at org.testng.SuiteRunner.run(SuiteRunner.java:276)
at org.testng.SuiteRunnerWorker.runSuite(SuiteRunnerWorker.java:53)
at org.testng.SuiteRunnerWorker.run(SuiteRunnerWorker.java:96)
at org.testng.TestNG.runSuitesSequentially(TestNG.java:1212)
at org.testng.TestNG.runSuitesLocally(TestNG.java:1134)
at org.testng.TestNG.runSuites(TestNG.java:1063)
at org.testng.TestNG.run(TestNG.java:1031)
at org.testng.remote.AbstractRemoteTestNG.run(AbstractRemoteTestNG.java:115)
at org.testng.remote.RemoteTestNG.initAndRun(RemoteTestNG.java:251)
at org.testng.remote.RemoteTestNG.main(RemoteTestNG.java:77)
Caused by: java.lang.NullPointerException
at com.util.ExcelReader.getStringCellData(ExcelReader.java:37)
at com.util.ExcelReader.getTestData(ExcelReader.java:48)
at com.testcases.HotelPageTest.getSearchHotelData(HotelPageTest.java:87)
at sun.reflect.NativeMethodAccessorImpl.invoke0(Native Method)
at sun.reflect.NativeMethodAccessorImpl.invoke(Unknown Source)
at sun.reflect.DelegatingMethodAccessorImpl.invoke(Unknown Source)
at java.lang.reflect.Method.invoke(Unknown Source)
at org.testng.internal.MethodInvocationHelper.invokeMethod(MethodInvocationHelper.java:133)
at org.testng.internal.MethodInvocationHelper.invokeMethod(MethodInvocationHelper.java:77)
at org.testng.internal.MethodInvocationHelper.invokeMethodNoCheckedException(MethodInvocationHelper.java:46)
... 25 more
]]>
            </full-stacktrace>
          </exception> <!-- java.lang.RuntimeException -->
          <reporter-output>
          </reporter-output>
        </test-method> <!-- SearchHotelTest -->
        <test-method status="PASS" signature="setup()[pri:0, instance:com.testcases.HotelPageTest@28ac3dc3]" name="setup" is-config="true" duration-ms="8964" started-at="2021-12-08T20:04:16 IST" finished-at="2021-12-08T20:04:25 IST">
          <reporter-output>
          </reporter-output>
        </test-method> <!-- setup -->
        <test-method status="PASS" signature="BookHotelTest(java.lang.String,java.lang.String,java.lang.String,java.lang.String,java.lang.String,java.lang.String,java.lang.String,java.lang.String)[pri:3, instance:com.testcases.HotelPageTest@28ac3dc3]" name="BookHotelTest" duration-ms="39864" started-at="2021-12-08T20:04:25 IST" data-provider="GetBookHotelDataUsingExcel" finished-at="2021-12-08T20:05:05 IST">
          <params>
            <param index="0">
              <value>
                <![CDATA[Agra]]>
              </value>
            </param>
            <param index="1">
              <value>
                <![CDATA[date_15_11_2021]]>
              </value>
            </param>
            <param index="2">
              <value>
                <![CDATA[date_20_11_2021]]>
              </value>
            </param>
            <param index="3">
              <value>
                <![CDATA[Mr]]>
              </value>
            </param>
            <param index="4">
              <value>
                <![CDATA[Sai]]>
              </value>
            </param>
            <param index="5">
              <value>
                <![CDATA[Kiran]]>
              </value>
            </param>
            <param index="6">
              <value>
                <![CDATA[amaraganisaikiran99@gmail.com]]>
              </value>
            </param>
            <param index="7">
              <value>
                <![CDATA["9959823792"]]>
              </value>
            </param>
          </params>
          <reporter-output>
          </reporter-output>
        </test-method> <!-- BookHotelTest -->
        <test-method status="PASS" signature="closesetup()[pri:0, instance:com.testcases.HotelPageTest@28ac3dc3]" name="closesetup" is-config="true" duration-ms="1387" started-at="2021-12-08T20:05:05 IST" finished-at="2021-12-08T20:05:06 IST">
          <reporter-output>
          </reporter-output>
        </test-method> <!-- closesetup -->
        <test-method status="PASS" signature="setup()[pri:0, instance:com.testcases.HotelPageTest@28ac3dc3]" name="setup" is-config="true" duration-ms="12591" started-at="2021-12-08T20:05:06 IST" finished-at="2021-12-08T20:05:19 IST">
          <reporter-output>
          </reporter-output>
        </test-method> <!-- setup -->
        <test-method status="PASS" signature="BookHotelTest(java.lang.String,java.lang.String,java.lang.String,java.lang.String,java.lang.String,java.lang.String,java.lang.String,java.lang.String)[pri:3, instance:com.testcases.HotelPageTest@28ac3dc3]" name="BookHotelTest" duration-ms="38675" started-at="2021-12-08T20:05:19 IST" data-provider="GetBookHotelDataUsingExcel" finished-at="2021-12-08T20:05:57 IST">
          <params>
            <param index="0">
              <value>
                <![CDATA[Delhi]]>
              </value>
            </param>
            <param index="1">
              <value>
                <![CDATA[date_15_11_2021]]>
              </value>
            </param>
            <param index="2">
              <value>
                <![CDATA[date_20_11_2021]]>
              </value>
            </param>
            <param index="3">
              <value>
                <![CDATA[Mr]]>
              </value>
            </param>
            <param index="4">
              <value>
                <![CDATA[Sai123]]>
              </value>
            </param>
            <param index="5">
              <value>
                <![CDATA[Kiran]]>
              </value>
            </param>
            <param index="6">
              <value>
                <![CDATA[amaraganisaikiran99@gmail.com]]>
              </value>
            </param>
            <param index="7">
              <value>
                <![CDATA["9959823792"]]>
              </value>
            </param>
          </params>
          <reporter-output>
          </reporter-output>
        </test-method> <!-- BookHotelTest -->
        <test-method status="PASS" signature="closesetup()[pri:0, instance:com.testcases.HotelPageTest@28ac3dc3]" name="closesetup" is-config="true" duration-ms="1300" started-at="2021-12-08T20:05:57 IST" finished-at="2021-12-08T20:05:59 IST">
          <reporter-output>
          </reporter-output>
        </test-method> <!-- closesetup -->
        <test-method status="PASS" signature="setup()[pri:0, instance:com.testcases.HotelPageTest@28ac3dc3]" name="setup" is-config="true" duration-ms="16978" started-at="2021-12-08T20:05:59 IST" finished-at="2021-12-08T20:06:16 IST">
          <reporter-output>
          </reporter-output>
        </test-method> <!-- setup -->
        <test-method status="PASS" signature="BookHotelTest(java.lang.String,java.lang.String,java.lang.String,java.lang.String,java.lang.String,java.lang.String,java.lang.String,java.lang.String)[pri:3, instance:com.testcases.HotelPageTest@28ac3dc3]" name="BookHotelTest" duration-ms="37434" started-at="2021-12-08T20:06:16 IST" data-provider="GetBookHotelDataUsingExcel" finished-at="2021-12-08T20:06:53 IST">
          <params>
            <param index="0">
              <value>
                <![CDATA[Hyderabad]]>
              </value>
            </param>
            <param index="1">
              <value>
                <![CDATA[date_15_11_2021]]>
              </value>
            </param>
            <param index="2">
              <value>
                <![CDATA[date_20_11_2021]]>
              </value>
            </param>
            <param index="3">
              <value>
                <![CDATA[Mr]]>
              </value>
            </param>
            <param index="4">
              <value>
                <![CDATA[Sai]]>
              </value>
            </param>
            <param index="5">
              <value>
                <![CDATA[Kiran124]]>
              </value>
            </param>
            <param index="6">
              <value>
                <![CDATA[amaraganisaikiran99@gmail.com]]>
              </value>
            </param>
            <param index="7">
              <value>
                <![CDATA["9959823792"]]>
              </value>
            </param>
          </params>
          <reporter-output>
          </reporter-output>
        </test-method> <!-- BookHotelTest -->
        <test-method status="PASS" signature="closesetup()[pri:0, instance:com.testcases.HotelPageTest@28ac3dc3]" name="closesetup" is-config="true" duration-ms="1176" started-at="2021-12-08T20:06:53 IST" finished-at="2021-12-08T20:06:54 IST">
          <reporter-output>
          </reporter-output>
        </test-method> <!-- closesetup -->
        <test-method status="PASS" signature="setup()[pri:0, instance:com.testcases.HotelPageTest@28ac3dc3]" name="setup" is-config="true" duration-ms="14174" started-at="2021-12-08T20:06:54 IST" finished-at="2021-12-08T20:07:08 IST">
          <reporter-output>
          </reporter-output>
        </test-method> <!-- setup -->
        <test-method status="PASS" signature="BookHotelTest(java.lang.String,java.lang.String,java.lang.String,java.lang.String,java.lang.String,java.lang.String,java.lang.String,java.lang.String)[pri:3, instance:com.testcases.HotelPageTest@28ac3dc3]" name="BookHotelTest" duration-ms="37260" started-at="2021-12-08T20:07:08 IST" data-provider="GetBookHotelDataUsingExcel" finished-at="2021-12-08T20:07:46 IST">
          <params>
            <param index="0">
              <value>
                <![CDATA[Chennai]]>
              </value>
            </param>
            <param index="1">
              <value>
                <![CDATA[date_15_11_2021]]>
              </value>
            </param>
            <param index="2">
              <value>
                <![CDATA[date_20_11_2021]]>
              </value>
            </param>
            <param index="3">
              <value>
                <![CDATA[Mr]]>
              </value>
            </param>
            <param index="4">
              <value>
                <![CDATA[Sai]]>
              </value>
            </param>
            <param index="5">
              <value>
                <![CDATA[Kiran]]>
              </value>
            </param>
            <param index="6">
              <value>
                <![CDATA[amaraganisaikiran99.com]]>
              </value>
            </param>
            <param index="7">
              <value>
                <![CDATA["9959823792"]]>
              </value>
            </param>
          </params>
          <reporter-output>
          </reporter-output>
        </test-method> <!-- BookHotelTest -->
        <test-method status="PASS" signature="closesetup()[pri:0, instance:com.testcases.HotelPageTest@28ac3dc3]" name="closesetup" is-config="true" duration-ms="1198" started-at="2021-12-08T20:07:46 IST" finished-at="2021-12-08T20:07:47 IST">
          <reporter-output>
          </reporter-output>
        </test-method> <!-- closesetup -->
        <test-method status="PASS" signature="setup()[pri:0, instance:com.testcases.HotelPageTest@28ac3dc3]" name="setup" is-config="true" duration-ms="13549" started-at="2021-12-08T20:07:47 IST" finished-at="2021-12-08T20:08:00 IST">
          <reporter-output>
          </reporter-output>
        </test-method> <!-- setup -->
        <test-method status="FAIL" signature="BookHotelTest(java.lang.String,java.lang.String,java.lang.String,java.lang.String,java.lang.String,java.lang.String,java.lang.String,java.lang.String)[pri:3, instance:com.testcases.HotelPageTest@28ac3dc3]" name="BookHotelTest" duration-ms="14550" started-at="2021-12-08T20:08:00 IST" data-provider="GetBookHotelDataUsingExcel" finished-at="2021-12-08T20:08:15 IST">
          <params>
            <param index="0">
              <value>
                <![CDATA[Mumbai]]>
              </value>
            </param>
            <param index="1">
              <value>
                <![CDATA[date_15_11_2021]]>
              </value>
            </param>
            <param index="2">
              <value>
                <![CDATA[date_20_11_2021]]>
              </value>
            </param>
            <param index="3">
              <value>
                <![CDATA[Mr]]>
              </value>
            </param>
            <param index="4">
              <value>
                <![CDATA[Sai]]>
              </value>
            </param>
            <param index="5">
              <value>
                <![CDATA[Kiran]]>
              </value>
            </param>
            <param index="6">
              <value>
                <![CDATA[amaraganisaikiran99@gmail.com]]>
              </value>
            </param>
            <param index="7">
              <value>
                <![CDATA["99598237"]]>
              </value>
            </param>
          </params>
          <exception class="org.openqa.selenium.NoSuchElementException">
            <message>
              <![CDATA[no such element: Unable to locate element: {"method":"xpath","selector":"//div[2]/div/div/div[2]/div/div[2]/div[1]"}
  (Session info: chrome=96.0.4664.93)
For documentation on this error, please visit: https://www.seleniumhq.org/exceptions/no_such_element.html
Build info: version: '3.141.59', revision: 'e82be7d358', time: '2018-11-14T08:17:03'
System info: host: 'LAPTOP-NJFUNEJK', ip: '192.168.0.5', os.name: 'Windows 10', os.arch: 'amd64', os.version: '10.0', java.version: '1.8.0_311'
Driver info: org.openqa.selenium.chrome.ChromeDriver
Capabilities {acceptInsecureCerts: false, browserName: chrome, browserVersion: 96.0.4664.93, chrome: {chromedriverVersion: 96.0.4664.45 (76e4c1bb2ab46..., userDataDir: C:\Users\amara\AppData\Loca...}, goog:chromeOptions: {debuggerAddress: localhost:50890}, javascriptEnabled: true, networkConnectionEnabled: false, pageLoadStrategy: normal, platform: WINDOWS, platformName: WINDOWS, proxy: Proxy(), setWindowRect: true, strictFileInteractability: false, timeouts: {implicit: 0, pageLoad: 300000, script: 30000}, unhandledPromptBehavior: dismiss and notify, webauthn:extension:credBlob: true, webauthn:extension:largeBlob: true, webauthn:virtualAuthenticators: true}
Session ID: 17da7c58c9ae4152e67c2e9cfe207d83
*** Element info: {Using=xpath, value=//div[2]/div/div/div[2]/div/div[2]/div[1]}]]>
            </message>
            <full-stacktrace>
              <![CDATA[org.openqa.selenium.NoSuchElementException: no such element: Unable to locate element: {"method":"xpath","selector":"//div[2]/div/div/div[2]/div/div[2]/div[1]"}
  (Session info: chrome=96.0.4664.93)
For documentation on this error, please visit: https://www.seleniumhq.org/exceptions/no_such_element.html
Build info: version: '3.141.59', revision: 'e82be7d358', time: '2018-11-14T08:17:03'
System info: host: 'LAPTOP-NJFUNEJK', ip: '192.168.0.5', os.name: 'Windows 10', os.arch: 'amd64', os.version: '10.0', java.version: '1.8.0_311'
Driver info: org.openqa.selenium.chrome.ChromeDriver
Capabilities {acceptInsecureCerts: false, browserName: chrome, browserVersion: 96.0.4664.93, chrome: {chromedriverVersion: 96.0.4664.45 (76e4c1bb2ab46..., userDataDir: C:\Users\amara\AppData\Loca...}, goog:chromeOptions: {debuggerAddress: localhost:50890}, javascriptEnabled: true, networkConnectionEnabled: false, pageLoadStrategy: normal, platform: WINDOWS, platformName: WINDOWS, proxy: Proxy(), setWindowRect: true, strictFileInteractability: false, timeouts: {implicit: 0, pageLoad: 300000, script: 30000}, unhandledPromptBehavior: dismiss and notify, webauthn:extension:credBlob: true, webauthn:extension:largeBlob: true, webauthn:virtualAuthenticators: true}
Session ID: 17da7c58c9ae4152e67c2e9cfe207d83
*** Element info: {Using=xpath, value=//div[2]/div/div/div[2]/div/div[2]/div[1]}
at sun.reflect.NativeConstructorAccessorImpl.newInstance0(Native Method)
at sun.reflect.NativeConstructorAccessorImpl.newInstance(Unknown Source)
at sun.reflect.DelegatingConstructorAccessorImpl.newInstance(Unknown Source)
at java.lang.reflect.Constructor.newInstance(Unknown Source)
at org.openqa.selenium.remote.http.W3CHttpResponseCodec.createException(W3CHttpResponseCodec.java:187)
at org.openqa.selenium.remote.http.W3CHttpResponseCodec.decode(W3CHttpResponseCodec.java:122)
at org.openqa.selenium.remote.http.W3CHttpResponseCodec.decode(W3CHttpResponseCodec.java:49)
at org.openqa.selenium.remote.HttpCommandExecutor.execute(HttpCommandExecutor.java:158)
at org.openqa.selenium.remote.service.DriverCommandExecutor.execute(DriverCommandExecutor.java:83)
at org.openqa.selenium.remote.RemoteWebDriver.execute(RemoteWebDriver.java:552)
at org.openqa.selenium.remote.RemoteWebDriver.findElement(RemoteWebDriver.java:323)
at org.openqa.selenium.remote.RemoteWebDriver.findElementByXPath(RemoteWebDriver.java:428)
at org.openqa.selenium.By$ByXPath.findElement(By.java:353)
at org.openqa.selenium.remote.RemoteWebDriver.findElement(RemoteWebDriver.java:315)
at org.openqa.selenium.support.pagefactory.DefaultElementLocator.findElement(DefaultElementLocator.java:69)
at org.openqa.selenium.support.pagefactory.internal.LocatingElementHandler.invoke(LocatingElementHandler.java:38)
at com.sun.proxy.$Proxy14.click(Unknown Source)
at com.pages.HotelPage.BookHotel(HotelPage.java:74)
at com.testcases.HotelPageTest.BookHotelTest(HotelPageTest.java:65)
at sun.reflect.NativeMethodAccessorImpl.invoke0(Native Method)
at sun.reflect.NativeMethodAccessorImpl.invoke(Unknown Source)
at sun.reflect.DelegatingMethodAccessorImpl.invoke(Unknown Source)
at java.lang.reflect.Method.invoke(Unknown Source)
at org.testng.internal.MethodInvocationHelper.invokeMethod(MethodInvocationHelper.java:133)
at org.testng.internal.TestInvoker.invokeMethod(TestInvoker.java:598)
at org.testng.internal.TestInvoker.invokeTestMethod(TestInvoker.java:173)
at org.testng.internal.MethodRunner.runInSequence(MethodRunner.java:46)
at org.testng.internal.TestInvoker$MethodInvocationAgent.invoke(TestInvoker.java:824)
at org.testng.internal.TestInvoker.invokeTestMethods(TestInvoker.java:146)
at org.testng.internal.TestMethodWorker.invokeTestMethods(TestMethodWorker.java:146)
at org.testng.internal.TestMethodWorker.run(TestMethodWorker.java:128)
at java.util.ArrayList.forEach(Unknown Source)
at org.testng.TestRunner.privateRun(TestRunner.java:794)
at org.testng.TestRunner.run(TestRunner.java:596)
at org.testng.SuiteRunner.runTest(SuiteRunner.java:377)
at org.testng.SuiteRunner.runSequentially(SuiteRunner.java:371)
at org.testng.SuiteRunner.privateRun(SuiteRunner.java:332)
at org.testng.SuiteRunner.run(SuiteRunner.java:276)
at org.testng.SuiteRunnerWorker.runSuite(SuiteRunnerWorker.java:53)
at org.testng.SuiteRunnerWorker.run(SuiteRunnerWorker.java:96)
at org.testng.TestNG.runSuitesSequentially(TestNG.java:1212)
at org.testng.TestNG.runSuitesLocally(TestNG.java:1134)
at org.testng.TestNG.runSuites(TestNG.java:1063)
at org.testng.TestNG.run(TestNG.java:1031)
at org.testng.remote.AbstractRemoteTestNG.run(AbstractRemoteTestNG.java:115)
at org.testng.remote.RemoteTestNG.initAndRun(RemoteTestNG.java:251)
at org.testng.remote.RemoteTestNG.main(RemoteTestNG.java:77)
]]>
            </full-stacktrace>
          </exception> <!-- org.openqa.selenium.NoSuchElementException -->
          <reporter-output>
          </reporter-output>
        </test-method> <!-- BookHotelTest -->
        <test-method status="PASS" signature="closesetup()[pri:0, instance:com.testcases.HotelPageTest@28ac3dc3]" name="closesetup" is-config="true" duration-ms="1053" started-at="2021-12-08T20:08:15 IST" finished-at="2021-12-08T20:08:16 IST">
          <reporter-output>
          </reporter-output>
        </test-method> <!-- closesetup -->
        <test-method status="PASS" signature="GenerateReport()[pri:0, instance:com.testcases.HotelPageTest@28ac3dc3]" name="GenerateReport" is-config="true" duration-ms="79" started-at="2021-12-08T20:08:18 IST" finished-at="2021-12-08T20:08:18 IST">
          <reporter-output>
          </reporter-output>
        </test-method> <!-- GenerateReport -->
      </class> <!-- com.testcases.HotelPageTest -->
    </test> <!-- Test -->
  </suite> <!-- GOIBIBO -->
</testng-results>
